# JRE version: OpenJDK Runtime Environment (21.0.5) (build 21.0.5+-13047016-b750.29)
# Java VM: OpenJDK 64-Bit Server VM (21.0.5+-13047016-b750.29, mixed mode, tiered, compressed oops, compressed class ptrs, g1 gc, windows-amd64)
GC Precious Log:
 CardTable entry size: 512
 Card Set container configuration: InlinePtr #cards 5 size 8 Array Of Cards #cards 12 size 40 Howl #buckets 4 coarsen threshold 1843 Howl Bitmap #cards 512 size 80 coarsen threshold 460 Card regions per heap region 1 cards per card region 2048
 CPUs: 4 total, 4 available
 Memory: 4006M
 Large Page Support: Disabled
 NUMA Support: Disabled
 Compressed Oops: Enabled (32-bit)
 Heap Region Size: 1M
 Heap Min Capacity: 8M
 Heap Initial Capacity: 64M
 Heap Max Capacity: 2G
 Pre-touch: Disabled
 Parallel Workers: 4
 Concurrent Workers: 1
 Concurrent Refinement Workers: 4
 Periodic GC: Disabled
Heap:
 garbage-first heap   total 242688K, used 148769K [0x0000000080000000, 0x0000000100000000)
  region size 1024K, 12 young (12288K), 6 survivors (6144K)
 Metaspace       used 140439K, committed 142912K, reserved 1179648K
  class space    used 19241K, committed 20480K, reserved 1048576K
GC Heap History (20 events):
Event: 64.424 GC heap before
{Heap before GC invocations=53 (full 0):
 garbage-first heap   total 181248K, used 144687K [0x0000000080000000, 0x0000000100000000)
  region size 1024K, 43 young (44032K), 6 survivors (6144K)
 Metaspace       used 111662K, committed 113856K, reserved 1179648K
  class space    used 15382K, committed 16512K, reserved 1048576K
}
Event: 64.440 GC heap after
{Heap after GC invocations=54 (full 0):
 garbage-first heap   total 181248K, used 110356K [0x0000000080000000, 0x0000000100000000)
  region size 1024K, 5 young (5120K), 5 survivors (5120K)
 Metaspace       used 111662K, committed 113856K, reserved 1179648K
  class space    used 15382K, committed 16512K, reserved 1048576K
}
Event: 65.449 GC heap before
{Heap before GC invocations=54 (full 0):
 garbage-first heap   total 181248K, used 163604K [0x0000000080000000, 0x0000000100000000)
  region size 1024K, 58 young (59392K), 5 survivors (5120K)
 Metaspace       used 111924K, committed 114240K, reserved 1179648K
  class space    used 15413K, committed 16576K, reserved 1048576K
}
Event: 65.467 GC heap after
{Heap after GC invocations=55 (full 0):
 garbage-first heap   total 229376K, used 111349K [0x0000000080000000, 0x0000000100000000)
  region size 1024K, 6 young (6144K), 6 survivors (6144K)
 Metaspace       used 111924K, committed 114240K, reserved 1179648K
  class space    used 15413K, committed 16576K, reserved 1048576K
}
Event: 68.598 GC heap before
{Heap before GC invocations=55 (full 0):
 garbage-first heap   total 229376K, used 210677K [0x0000000080000000, 0x0000000100000000)
  region size 1024K, 99 young (101376K), 6 survivors (6144K)
 Metaspace       used 114509K, committed 116736K, reserved 1179648K
  class space    used 15642K, committed 16768K, reserved 1048576K
}
Event: 68.636 GC heap after
{Heap after GC invocations=56 (full 0):
 garbage-first heap   total 229376K, used 117275K [0x0000000080000000, 0x0000000100000000)
  region size 1024K, 11 young (11264K), 11 survivors (11264K)
 Metaspace       used 114509K, committed 116736K, reserved 1179648K
  class space    used 15642K, committed 16768K, reserved 1048576K
}
Event: 69.384 GC heap before
{Heap before GC invocations=56 (full 0):
 garbage-first heap   total 229376K, used 125467K [0x0000000080000000, 0x0000000100000000)
  region size 1024K, 21 young (21504K), 11 survivors (11264K)
 Metaspace       used 115831K, committed 118080K, reserved 1179648K
  class space    used 15808K, committed 16960K, reserved 1048576K
}
Event: 69.413 GC heap after
{Heap after GC invocations=57 (full 0):
 garbage-first heap   total 229376K, used 118971K [0x0000000080000000, 0x0000000100000000)
  region size 1024K, 2 young (2048K), 2 survivors (2048K)
 Metaspace       used 115831K, committed 118080K, reserved 1179648K
  class space    used 15808K, committed 16960K, reserved 1048576K
}
Event: 155.250 GC heap before
{Heap before GC invocations=58 (full 0):
 garbage-first heap   total 234496K, used 232635K [0x0000000080000000, 0x0000000100000000)
  region size 1024K, 84 young (86016K), 2 survivors (2048K)
 Metaspace       used 117827K, committed 120128K, reserved 1179648K
  class space    used 16062K, committed 17216K, reserved 1048576K
}
Event: 155.301 GC heap after
{Heap after GC invocations=59 (full 0):
 garbage-first heap   total 240640K, used 122736K [0x0000000080000000, 0x0000000100000000)
  region size 1024K, 6 young (6144K), 6 survivors (6144K)
 Metaspace       used 117827K, committed 120128K, reserved 1179648K
  class space    used 16062K, committed 17216K, reserved 1048576K
}
Event: 422.621 GC heap before
{Heap before GC invocations=59 (full 0):
 garbage-first heap   total 240640K, used 220016K [0x0000000080000000, 0x0000000100000000)
  region size 1024K, 101 young (103424K), 6 survivors (6144K)
 Metaspace       used 118488K, committed 120768K, reserved 1179648K
  class space    used 16075K, committed 17216K, reserved 1048576K
}
Event: 422.922 GC heap after
{Heap after GC invocations=60 (full 0):
 garbage-first heap   total 240640K, used 119424K [0x0000000080000000, 0x0000000100000000)
  region size 1024K, 4 young (4096K), 4 survivors (4096K)
 Metaspace       used 118488K, committed 120768K, reserved 1179648K
  class space    used 16075K, committed 17216K, reserved 1048576K
}
Event: 428.398 GC heap before
{Heap before GC invocations=60 (full 0):
 garbage-first heap   total 240640K, used 221824K [0x0000000080000000, 0x0000000100000000)
  region size 1024K, 105 young (107520K), 4 survivors (4096K)
 Metaspace       used 121377K, committed 123712K, reserved 1179648K
  class space    used 16388K, committed 17536K, reserved 1048576K
}
Event: 428.492 GC heap after
{Heap after GC invocations=61 (full 0):
 garbage-first heap   total 240640K, used 130169K [0x0000000080000000, 0x0000000100000000)
  region size 1024K, 14 young (14336K), 14 survivors (14336K)
 Metaspace       used 121377K, committed 123712K, reserved 1179648K
  class space    used 16388K, committed 17536K, reserved 1048576K
}
Event: 441.706 GC heap before
{Heap before GC invocations=62 (full 0):
 garbage-first heap   total 240640K, used 211065K [0x0000000080000000, 0x0000000100000000)
  region size 1024K, 94 young (96256K), 14 survivors (14336K)
 Metaspace       used 128147K, committed 130560K, reserved 1179648K
  class space    used 17342K, committed 18560K, reserved 1048576K
}
Event: 441.815 GC heap after
{Heap after GC invocations=63 (full 0):
 garbage-first heap   total 240640K, used 137881K [0x0000000080000000, 0x0000000100000000)
  region size 1024K, 7 young (7168K), 7 survivors (7168K)
 Metaspace       used 128147K, committed 130560K, reserved 1179648K
  class space    used 17342K, committed 18560K, reserved 1048576K
}
Event: 443.926 GC heap before
{Heap before GC invocations=63 (full 0):
 garbage-first heap   total 240640K, used 206489K [0x0000000080000000, 0x0000000100000000)
  region size 1024K, 75 young (76800K), 7 survivors (7168K)
 Metaspace       used 137818K, committed 140288K, reserved 1179648K
  class space    used 18801K, committed 20032K, reserved 1048576K
}
Event: 443.948 GC heap after
{Heap after GC invocations=64 (full 0):
 garbage-first heap   total 240640K, used 139776K [0x0000000080000000, 0x0000000100000000)
  region size 1024K, 2 young (2048K), 2 survivors (2048K)
 Metaspace       used 137818K, committed 140288K, reserved 1179648K
  class space    used 18801K, committed 20032K, reserved 1048576K
}
Event: 656.277 GC heap before
{Heap before GC invocations=64 (full 0):
 garbage-first heap   total 240640K, used 232960K [0x0000000080000000, 0x0000000100000000)
  region size 1024K, 83 young (84992K), 2 survivors (2048K)
 Metaspace       used 140439K, committed 142912K, reserved 1179648K
  class space    used 19241K, committed 20480K, reserved 1048576K
}
Event: 656.785 GC heap after
{Heap after GC invocations=65 (full 0):
 garbage-first heap   total 242688K, used 143649K [0x0000000080000000, 0x0000000100000000)
  region size 1024K, 6 young (6144K), 6 survivors (6144K)
 Metaspace       used 140439K, committed 142912K, reserved 1179648K
  class space    used 19241K, committed 20480K, reserved 1048576K
}

